# JRE version: Java(TM) SE Runtime Environment (21.0.8+12) (build 21.0.8+12-LTS-250)
# Java VM: Java HotSpot(TM) 64-Bit Server VM (21.0.8+12-LTS-250, mixed mode, emulated-client, sharing, tiered, compressed oops, compressed class ptrs, g1 gc, windows-amd64)
GC Precious Log:
 CardTable entry size: 512
 Card Set container configuration: InlinePtr #cards 4 size 8 Array Of Cards #cards 16 size 48 Howl #buckets 8 coarsen threshold 3686 Howl Bitmap #cards 512 size 80 coarsen threshold 460 Card regions per heap region 1 cards per card region 4096
 CPUs: 20 total, 20 available
 Memory: 16125M
 Large Page Support: Disabled
 NUMA Support: Disabled
 Compressed Oops: Enabled (Zero based)
 Heap Region Size: 2M
 Heap Min Capacity: 8M
 Heap Initial Capacity: 252M
 Heap Max Capacity: 4032M
 Pre-touch: Disabled
 Parallel Workers: 15
 Concurrent Workers: 4
 Concurrent Refinement Workers: 15
 Periodic GC: Disabled
Heap:
 garbage-first heap   total 81920K, used 40584K [0x0000000704000000, 0x0000000800000000)
  region size 2048K, 3 young (6144K), 3 survivors (6144K)
 Metaspace       used 42353K, committed 42880K, reserved 1114112K
  class space    used 5653K, committed 5888K, reserved 1048576K
GC Heap History (20 events):
Event: 0.848 GC heap after
{Heap after GC invocations=1 (full 0):
 garbage-first heap   total 258048K, used 11928K [0x0000000704000000, 0x0000000800000000)
  region size 2048K, 2 young (4096K), 2 survivors (4096K)
 Metaspace       used 3330K, committed 3520K, reserved 1114112K
  class space    used 376K, committed 448K, reserved 1048576K
}
Event: 1.268 GC heap before
{Heap before GC invocations=1 (full 0):
 garbage-first heap   total 258048K, used 28312K [0x0000000704000000, 0x0000000800000000)
  region size 2048K, 10 young (20480K), 2 survivors (4096K)
 Metaspace       used 8186K, committed 8512K, reserved 1114112K
  class space    used 1021K, committed 1152K, reserved 1048576K
}
Event: 1.272 GC heap after
{Heap after GC invocations=2 (full 0):
 garbage-first heap   total 258048K, used 13937K [0x0000000704000000, 0x0000000800000000)
  region size 2048K, 2 young (4096K), 2 survivors (4096K)
 Metaspace       used 8186K, committed 8512K, reserved 1114112K
  class space    used 1021K, committed 1152K, reserved 1048576K
}
Event: 1.942 GC heap before
{Heap before GC invocations=2 (full 0):
 garbage-first heap   total 258048K, used 56945K [0x0000000704000000, 0x0000000800000000)
  region size 2048K, 25 young (51200K), 2 survivors (4096K)
 Metaspace       used 14701K, committed 15104K, reserved 1114112K
  class space    used 2023K, committed 2240K, reserved 1048576K
}
Event: 1.945 GC heap after
{Heap after GC invocations=3 (full 0):
 garbage-first heap   total 258048K, used 16358K [0x0000000704000000, 0x0000000800000000)
  region size 2048K, 3 young (6144K), 3 survivors (6144K)
 Metaspace       used 14701K, committed 15104K, reserved 1114112K
  class space    used 2023K, committed 2240K, reserved 1048576K
}
Event: 2.401 GC heap before
{Heap before GC invocations=4 (full 0):
 garbage-first heap   total 69632K, used 65510K [0x0000000704000000, 0x0000000800000000)
  region size 2048K, 28 young (57344K), 3 survivors (6144K)
 Metaspace       used 21634K, committed 22080K, reserved 1114112K
  class space    used 2944K, committed 3136K, reserved 1048576K
}
Event: 2.405 GC heap after
{Heap after GC invocations=5 (full 0):
 garbage-first heap   total 77824K, used 19880K [0x0000000704000000, 0x0000000800000000)
  region size 2048K, 4 young (8192K), 4 survivors (8192K)
 Metaspace       used 21634K, committed 22080K, reserved 1114112K
  class space    used 2944K, committed 3136K, reserved 1048576K
}
Event: 2.503 GC heap before
{Heap before GC invocations=5 (full 0):
 garbage-first heap   total 77824K, used 32168K [0x0000000704000000, 0x0000000800000000)
  region size 2048K, 12 young (24576K), 4 survivors (8192K)
 Metaspace       used 24830K, committed 25280K, reserved 1114112K
  class space    used 3226K, committed 3392K, reserved 1048576K
}
Event: 2.506 GC heap after
{Heap after GC invocations=6 (full 0):
 garbage-first heap   total 77824K, used 19620K [0x0000000704000000, 0x0000000800000000)
  region size 2048K, 1 young (2048K), 1 survivors (2048K)
 Metaspace       used 24830K, committed 25280K, reserved 1114112K
  class space    used 3226K, committed 3392K, reserved 1048576K
}
Event: 2.520 GC heap before
{Heap before GC invocations=6 (full 0):
 garbage-first heap   total 77824K, used 21668K [0x0000000704000000, 0x0000000800000000)
  region size 2048K, 3 young (6144K), 1 survivors (2048K)
 Metaspace       used 25190K, committed 25664K, reserved 1114112K
  class space    used 3263K, committed 3456K, reserved 1048576K
}
Event: 2.522 GC heap after
{Heap after GC invocations=7 (full 0):
 garbage-first heap   total 77824K, used 19259K [0x0000000704000000, 0x0000000800000000)
  region size 2048K, 1 young (2048K), 1 survivors (2048K)
 Metaspace       used 25190K, committed 25664K, reserved 1114112K
  class space    used 3263K, committed 3456K, reserved 1048576K
}
Event: 3.035 GC heap before
{Heap before GC invocations=8 (full 0):
 garbage-first heap   total 77824K, used 58171K [0x0000000704000000, 0x0000000800000000)
  region size 2048K, 20 young (40960K), 1 survivors (2048K)
 Metaspace       used 29088K, committed 29632K, reserved 1114112K
  class space    used 3822K, committed 4096K, reserved 1048576K
}
Event: 3.039 GC heap after
{Heap after GC invocations=9 (full 0):
 garbage-first heap   total 77824K, used 21740K [0x0000000704000000, 0x0000000800000000)
  region size 2048K, 2 young (4096K), 2 survivors (4096K)
 Metaspace       used 29088K, committed 29632K, reserved 1114112K
  class space    used 3822K, committed 4096K, reserved 1048576K
}
Event: 3.811 GC heap before
{Heap before GC invocations=9 (full 0):
 garbage-first heap   total 77824K, used 60652K [0x0000000704000000, 0x0000000800000000)
  region size 2048K, 21 young (43008K), 2 survivors (4096K)
 Metaspace       used 33762K, committed 34304K, reserved 1114112K
  class space    used 4519K, committed 4736K, reserved 1048576K
}
Event: 3.815 GC heap after
{Heap after GC invocations=10 (full 0):
 garbage-first heap   total 77824K, used 23803K [0x0000000704000000, 0x0000000800000000)
  region size 2048K, 3 young (6144K), 3 survivors (6144K)
 Metaspace       used 33762K, committed 34304K, reserved 1114112K
  class space    used 4519K, committed 4736K, reserved 1048576K
}
Event: 4.490 GC heap before
{Heap before GC invocations=10 (full 0):
 garbage-first heap   total 77824K, used 62715K [0x0000000704000000, 0x0000000800000000)
  region size 2048K, 22 young (45056K), 3 survivors (6144K)
 Metaspace       used 38136K, committed 38656K, reserved 1114112K
  class space    used 5151K, committed 5376K, reserved 1048576K
}
Event: 4.494 GC heap after
{Heap after GC invocations=11 (full 0):
 garbage-first heap   total 77824K, used 26796K [0x0000000704000000, 0x0000000800000000)
  region size 2048K, 3 young (6144K), 3 survivors (6144K)
 Metaspace       used 38136K, committed 38656K, reserved 1114112K
  class space    used 5151K, committed 5376K, reserved 1048576K
}
Event: 4.777 GC heap before
{Heap before GC invocations=11 (full 0):
 garbage-first heap   total 77824K, used 61612K [0x0000000704000000, 0x0000000800000000)
  region size 2048K, 21 young (43008K), 3 survivors (6144K)
 Metaspace       used 40935K, committed 41600K, reserved 1114112K
  class space    used 5484K, committed 5760K, reserved 1048576K
}
Event: 4.783 GC heap after
{Heap after GC invocations=12 (full 0):
 garbage-first heap   total 81920K, used 38912K [0x0000000704000000, 0x0000000800000000)
  region size 2048K, 3 young (6144K), 3 survivors (6144K)
 Metaspace       used 40935K, committed 41600K, reserved 1114112K
  class space    used 5484K, committed 5760K, reserved 1048576K
}
Event: 5.045 GC heap before
{Heap before GC invocations=12 (full 0):
 garbage-first heap   total 81920K, used 57344K [0x0000000704000000, 0x0000000800000000)
  region size 2048K, 14 young (28672K), 3 survivors (6144K)
 Metaspace       used 42353K, committed 42880K, reserved 1114112K
  class space    used 5653K, committed 5888K, reserved 1048576K
}

