# JRE version: Java(TM) SE Runtime Environment (21.0.8+12) (build 21.0.8+12-LTS-250)
# Java VM: Java HotSpot(TM) 64-Bit Server VM (21.0.8+12-LTS-250, mixed mode, emulated-client, sharing, tiered, compressed oops, compressed class ptrs, g1 gc, windows-amd64)
GC Precious Log:
 CardTable entry size: 512
 Card Set container configuration: InlinePtr #cards 4 size 8 Array Of Cards #cards 16 size 48 Howl #buckets 8 coarsen threshold 3686 Howl Bitmap #cards 512 size 80 coarsen threshold 460 Card regions per heap region 1 cards per card region 4096
 CPUs: 20 total, 20 available
 Memory: 16125M
 Large Page Support: Disabled
 NUMA Support: Disabled
 Compressed Oops: Enabled (Zero based)
 Heap Region Size: 2M
 Heap Min Capacity: 8M
 Heap Initial Capacity: 252M
 Heap Max Capacity: 4032M
 Pre-touch: Disabled
 Parallel Workers: 15
 Concurrent Workers: 4
 Concurrent Refinement Workers: 15
 Periodic GC: Disabled
Heap:
 garbage-first heap   total 120832K, used 118818K [0x0000000704000000, 0x0000000800000000)
  region size 2048K, 19 young (38912K), 0 survivors (0K)
 Metaspace       used 62243K, committed 63040K, reserved 1114112K
  class space    used 8302K, committed 8704K, reserved 1048576K
GC Heap History (20 events):
Event: 0.794 GC heap after
{Heap after GC invocations=3 (full 0):
 garbage-first heap   total 258048K, used 14378K [0x0000000704000000, 0x0000000800000000)
  region size 2048K, 3 young (6144K), 3 survivors (6144K)
 Metaspace       used 16520K, committed 16896K, reserved 1114112K
  class space    used 2338K, committed 2496K, reserved 1048576K
}
Event: 0.833 GC heap before
{Heap before GC invocations=3 (full 0):
 garbage-first heap   total 258048K, used 24618K [0x0000000704000000, 0x0000000800000000)
  region size 2048K, 9 young (18432K), 3 survivors (6144K)
 Metaspace       used 18201K, committed 18688K, reserved 1114112K
  class space    used 2510K, committed 2752K, reserved 1048576K
}
Event: 0.835 GC heap after
{Heap after GC invocations=4 (full 0):
 garbage-first heap   total 258048K, used 15292K [0x0000000704000000, 0x0000000800000000)
  region size 2048K, 3 young (6144K), 3 survivors (6144K)
 Metaspace       used 18201K, committed 18688K, reserved 1114112K
  class space    used 2510K, committed 2752K, reserved 1048576K
}
Event: 1.107 GC heap before
{Heap before GC invocations=5 (full 0):
 garbage-first heap   total 69632K, used 68540K [0x0000000704000000, 0x0000000800000000)
  region size 2048K, 29 young (59392K), 3 survivors (6144K)
 Metaspace       used 23870K, committed 24384K, reserved 1114112K
  class space    used 3258K, committed 3456K, reserved 1048576K
}
Event: 1.111 GC heap after
{Heap after GC invocations=6 (full 0):
 garbage-first heap   total 79872K, used 19174K [0x0000000704000000, 0x0000000800000000)
  region size 2048K, 5 young (10240K), 5 survivors (10240K)
 Metaspace       used 23870K, committed 24384K, reserved 1114112K
  class space    used 3258K, committed 3456K, reserved 1048576K
}
Event: 1.453 GC heap before
{Heap before GC invocations=6 (full 0):
 garbage-first heap   total 79872K, used 56038K [0x0000000704000000, 0x0000000800000000)
  region size 2048K, 23 young (47104K), 5 survivors (10240K)
 Metaspace       used 27350K, committed 27904K, reserved 1114112K
  class space    used 3779K, committed 4032K, reserved 1048576K
}
Event: 1.457 GC heap after
{Heap after GC invocations=7 (full 0):
 garbage-first heap   total 79872K, used 20935K [0x0000000704000000, 0x0000000800000000)
  region size 2048K, 2 young (4096K), 2 survivors (4096K)
 Metaspace       used 27350K, committed 27904K, reserved 1114112K
  class space    used 3779K, committed 4032K, reserved 1048576K
}
Event: 1.684 GC heap before
{Heap before GC invocations=7 (full 0):
 garbage-first heap   total 79872K, used 41415K [0x0000000704000000, 0x0000000800000000)
  region size 2048K, 13 young (26624K), 2 survivors (4096K)
 Metaspace       used 30620K, committed 31168K, reserved 1114112K
  class space    used 4287K, committed 4544K, reserved 1048576K
}
Event: 1.686 GC heap after
{Heap after GC invocations=8 (full 0):
 garbage-first heap   total 96256K, used 22703K [0x0000000704000000, 0x0000000800000000)
  region size 2048K, 3 young (6144K), 3 survivors (6144K)
 Metaspace       used 30620K, committed 31168K, reserved 1114112K
  class space    used 4287K, committed 4544K, reserved 1048576K
}
Event: 1.985 GC heap before
{Heap before GC invocations=9 (full 0):
 garbage-first heap   total 90112K, used 71855K [0x0000000704000000, 0x0000000800000000)
  region size 2048K, 28 young (57344K), 3 survivors (6144K)
 Metaspace       used 34353K, committed 34944K, reserved 1114112K
  class space    used 4723K, committed 4992K, reserved 1048576K
}
Event: 1.988 GC heap after
{Heap after GC invocations=10 (full 0):
 garbage-first heap   total 90112K, used 27741K [0x0000000704000000, 0x0000000800000000)
  region size 2048K, 4 young (8192K), 4 survivors (8192K)
 Metaspace       used 34353K, committed 34944K, reserved 1114112K
  class space    used 4723K, committed 4992K, reserved 1048576K
}
Event: 2.342 GC heap before
{Heap before GC invocations=10 (full 0):
 garbage-first heap   total 90112K, used 72797K [0x0000000704000000, 0x0000000800000000)
  region size 2048K, 26 young (53248K), 4 survivors (8192K)
 Metaspace       used 42726K, committed 43392K, reserved 1114112K
  class space    used 5661K, committed 5952K, reserved 1048576K
}
Event: 2.345 GC heap after
{Heap after GC invocations=11 (full 0):
 garbage-first heap   total 90112K, used 30852K [0x0000000704000000, 0x0000000800000000)
  region size 2048K, 2 young (4096K), 2 survivors (4096K)
 Metaspace       used 42726K, committed 43392K, reserved 1114112K
  class space    used 5661K, committed 5952K, reserved 1048576K
}
Event: 2.577 GC heap before
{Heap before GC invocations=11 (full 0):
 garbage-first heap   total 90112K, used 73860K [0x0000000704000000, 0x0000000800000000)
  region size 2048K, 23 young (47104K), 2 survivors (4096K)
 Metaspace       used 45598K, committed 46272K, reserved 1114112K
  class space    used 6066K, committed 6336K, reserved 1048576K
}
Event: 2.581 GC heap after
{Heap after GC invocations=12 (full 0):
 garbage-first heap   total 90112K, used 33396K [0x0000000704000000, 0x0000000800000000)
  region size 2048K, 3 young (6144K), 3 survivors (6144K)
 Metaspace       used 45598K, committed 46272K, reserved 1114112K
  class space    used 6066K, committed 6336K, reserved 1048576K
}
Event: 2.964 GC heap before
{Heap before GC invocations=12 (full 0):
 garbage-first heap   total 90112K, used 72308K [0x0000000704000000, 0x0000000800000000)
  region size 2048K, 23 young (47104K), 3 survivors (6144K)
 Metaspace       used 51403K, committed 52096K, reserved 1114112K
  class space    used 6831K, committed 7168K, reserved 1048576K
}
Event: 2.966 GC heap after
{Heap after GC invocations=13 (full 0):
 garbage-first heap   total 90112K, used 36169K [0x0000000704000000, 0x0000000800000000)
  region size 2048K, 3 young (6144K), 3 survivors (6144K)
 Metaspace       used 51403K, committed 52096K, reserved 1114112K
  class space    used 6831K, committed 7168K, reserved 1048576K
}
Event: 16.526 GC heap before
{Heap before GC invocations=14 (full 0):
 garbage-first heap   total 90112K, used 77129K [0x0000000704000000, 0x0000000800000000)
  region size 2048K, 23 young (47104K), 3 survivors (6144K)
 Metaspace       used 55525K, committed 56320K, reserved 1114112K
  class space    used 7442K, committed 7808K, reserved 1048576K
}
Event: 16.533 GC heap after
{Heap after GC invocations=15 (full 0):
 garbage-first heap   total 108544K, used 38946K [0x0000000704000000, 0x0000000800000000)
  region size 2048K, 3 young (6144K), 3 survivors (6144K)
 Metaspace       used 55525K, committed 56320K, reserved 1114112K
  class space    used 7442K, committed 7808K, reserved 1048576K
}
Event: 55.375 GC heap before
{Heap before GC invocations=15 (full 0):
 garbage-first heap   total 120832K, used 116770K [0x0000000704000000, 0x0000000800000000)
  region size 2048K, 22 young (45056K), 3 survivors (6144K)
 Metaspace       used 62243K, committed 63040K, reserved 1114112K
  class space    used 8302K, committed 8704K, reserved 1048576K
}

